Temp/gradleOut/launcher/build/intermediates/manifest_merge_blame_file/release/manifest-merger-blame-release-report.txt
1<?xml version="1.0" encoding="utf-8"?>
2<!-- GENERATED BY UNITY. REMOVE THIS COMMENT TO PREVENT OVERWRITING WHEN EXPORTING AGAIN -->
3<manifest xmlns:android="http://schemas.android.com/apk/res/android"
4    package="com.com.stevehechio.games.helixjump.HelixJump"
5    android:installLocation="preferExternal"
6    android:versionCode="1"
7    android:versionName="0.1" >
8
9    <uses-sdk
10        android:minSdkVersion="19"
10-->src/main/AndroidManifest.xml
11        android:targetSdkVersion="29" />
11-->src/main/AndroidManifest.xml
12
13    <supports-screens
13-->src/main/AndroidManifest.xml:4:3-163
14        android:anyDensity="true"
14-->src/main/AndroidManifest.xml:4:135-160
15        android:largeScreens="true"
15-->src/main/AndroidManifest.xml:4:78-105
16        android:normalScreens="true"
16-->src/main/AndroidManifest.xml:4:49-77
17        android:smallScreens="true"
17-->src/main/AndroidManifest.xml:4:21-48
18        android:xlargeScreens="true" />
18-->src/main/AndroidManifest.xml:4:106-134
19
20    <uses-feature android:glEsVersion="0x00020000" />
20-->[:unityLibrary] AndroidManifest.xml:13:5-54
20-->[:unityLibrary] AndroidManifest.xml:13:19-51
21
22    <uses-permission android:name="android.permission.INTERNET" />
22-->[:unityLibrary] AndroidManifest.xml:15:5-67
22-->[:unityLibrary] AndroidManifest.xml:15:22-64
23
24    <uses-feature
24-->[:unityLibrary] AndroidManifest.xml:17:5-19:36
25        android:name="android.hardware.touchscreen"
25-->[:unityLibrary] AndroidManifest.xml:18:9-52
26        android:required="false" />
26-->[:unityLibrary] AndroidManifest.xml:19:9-33
27    <uses-feature
27-->[:unityLibrary] AndroidManifest.xml:20:5-22:36
28        android:name="android.hardware.touchscreen.multitouch"
28-->[:unityLibrary] AndroidManifest.xml:21:9-63
29        android:required="false" />
29-->[:unityLibrary] AndroidManifest.xml:22:9-33
30    <uses-feature
30-->[:unityLibrary] AndroidManifest.xml:23:5-25:36
31        android:name="android.hardware.touchscreen.multitouch.distinct"
31-->[:unityLibrary] AndroidManifest.xml:24:9-72
32        android:required="false" />
32-->[:unityLibrary] AndroidManifest.xml:25:9-33
33
34    <uses-permission android:name="android.permission.ACCESS_NETWORK_STATE" />
34-->[:UnityAds:] AndroidManifest.xml:9:5-79
34-->[:UnityAds:] AndroidManifest.xml:9:22-76
35
36    <application
36-->src/main/AndroidManifest.xml:5:3-116
37        android:extractNativeLibs="true"
37-->src/main/AndroidManifest.xml:5:16-48
38        android:icon="@mipmap/app_icon"
38-->src/main/AndroidManifest.xml:5:82-113
39        android:label="@string/app_name" >
39-->src/main/AndroidManifest.xml:5:49-81
40        <activity
40-->[:unityLibrary] AndroidManifest.xml:28:9-47:20
41            android:name="com.unity3d.player.UnityPlayerActivity"
41-->[:unityLibrary] AndroidManifest.xml:29:13-66
42            android:configChanges="mcc|mnc|locale|touchscreen|keyboard|keyboardHidden|navigation|orientation|screenLayout|uiMode|screenSize|smallestScreenSize|fontScale|layoutDirection|density"
42-->[:unityLibrary] AndroidManifest.xml:30:13-194
43            android:hardwareAccelerated="false"
43-->[:unityLibrary] AndroidManifest.xml:31:13-48
44            android:launchMode="singleTask"
44-->[:unityLibrary] AndroidManifest.xml:32:13-44
45            android:screenOrientation="fullSensor"
45-->[:unityLibrary] AndroidManifest.xml:33:13-51
46            android:theme="@style/UnityThemeSelector" >
46-->[:unityLibrary] AndroidManifest.xml:34:13-54
47            <intent-filter>
47-->[:unityLibrary] AndroidManifest.xml:35:13-39:29
48                <action android:name="android.intent.action.MAIN" />
48-->[:unityLibrary] AndroidManifest.xml:36:17-69
48-->[:unityLibrary] AndroidManifest.xml:36:25-66
49
50                <category android:name="android.intent.category.LAUNCHER" />
50-->[:unityLibrary] AndroidManifest.xml:38:17-77
50-->[:unityLibrary] AndroidManifest.xml:38:27-74
51            </intent-filter>
52
53            <meta-data
53-->[:unityLibrary] AndroidManifest.xml:41:13-43:40
54                android:name="unityplayer.UnityActivity"
54-->[:unityLibrary] AndroidManifest.xml:42:17-57
55                android:value="true" />
55-->[:unityLibrary] AndroidManifest.xml:43:17-37
56            <meta-data
56-->[:unityLibrary] AndroidManifest.xml:44:13-46:40
57                android:name="android.notch_support"
57-->[:unityLibrary] AndroidManifest.xml:45:17-53
58                android:value="true" />
58-->[:unityLibrary] AndroidManifest.xml:46:17-37
59        </activity>
60
61        <meta-data
61-->[:unityLibrary] AndroidManifest.xml:49:9-51:33
62            android:name="unity.splash-mode"
62-->[:unityLibrary] AndroidManifest.xml:50:13-45
63            android:value="0" />
63-->[:unityLibrary] AndroidManifest.xml:51:13-30
64        <meta-data
64-->[:unityLibrary] AndroidManifest.xml:52:9-54:36
65            android:name="unity.splash-enable"
65-->[:unityLibrary] AndroidManifest.xml:53:13-47
66            android:value="True" />
66-->[:unityLibrary] AndroidManifest.xml:54:13-33
67        <meta-data
67-->[:unityLibrary] AndroidManifest.xml:55:9-57:50
68            android:name="notch.config"
68-->[:unityLibrary] AndroidManifest.xml:56:13-40
69            android:value="portrait|landscape" />
69-->[:unityLibrary] AndroidManifest.xml:57:13-47
70        <meta-data
70-->[:unityLibrary] AndroidManifest.xml:58:9-60:68
71            android:name="unity.build-id"
71-->[:unityLibrary] AndroidManifest.xml:59:13-42
72            android:value="00a37fca-70ff-4f18-8591-03fff1cede03" />
72-->[:unityLibrary] AndroidManifest.xml:60:13-65
73
74        <activity
74-->[:UnityAds:] AndroidManifest.xml:13:9-17:74
75            android:name="com.unity3d.services.ads.adunit.AdUnitActivity"
75-->[:UnityAds:] AndroidManifest.xml:14:13-74
76            android:configChanges="fontScale|keyboard|keyboardHidden|locale|mnc|mcc|navigation|orientation|screenLayout|screenSize|smallestScreenSize|uiMode|touchscreen"
76-->[:UnityAds:] AndroidManifest.xml:15:13-170
77            android:hardwareAccelerated="true"
77-->[:UnityAds:] AndroidManifest.xml:16:13-47
78            android:theme="@android:style/Theme.NoTitleBar.Fullscreen" />
78-->[:UnityAds:] AndroidManifest.xml:17:13-71
79        <activity
79-->[:UnityAds:] AndroidManifest.xml:18:9-22:86
80            android:name="com.unity3d.services.ads.adunit.AdUnitTransparentActivity"
80-->[:UnityAds:] AndroidManifest.xml:19:13-85
81            android:configChanges="fontScale|keyboard|keyboardHidden|locale|mnc|mcc|navigation|orientation|screenLayout|screenSize|smallestScreenSize|uiMode|touchscreen"
81-->[:UnityAds:] AndroidManifest.xml:20:13-170
82            android:hardwareAccelerated="true"
82-->[:UnityAds:] AndroidManifest.xml:21:13-47
83            android:theme="@android:style/Theme.Translucent.NoTitleBar.Fullscreen" />
83-->[:UnityAds:] AndroidManifest.xml:22:13-83
84        <activity
84-->[:UnityAds:] AndroidManifest.xml:23:9-27:86
85            android:name="com.unity3d.services.ads.adunit.AdUnitTransparentSoftwareActivity"
85-->[:UnityAds:] AndroidManifest.xml:24:13-93
86            android:configChanges="fontScale|keyboard|keyboardHidden|locale|mnc|mcc|navigation|orientation|screenLayout|screenSize|smallestScreenSize|uiMode|touchscreen"
86-->[:UnityAds:] AndroidManifest.xml:25:13-170
87            android:hardwareAccelerated="false"
87-->[:UnityAds:] AndroidManifest.xml:26:13-48
88            android:theme="@android:style/Theme.Translucent.NoTitleBar.Fullscreen" />
88-->[:UnityAds:] AndroidManifest.xml:27:13-83
89        <activity
89-->[:UnityAds:] AndroidManifest.xml:28:9-32:74
90            android:name="com.unity3d.services.ads.adunit.AdUnitSoftwareActivity"
90-->[:UnityAds:] AndroidManifest.xml:29:13-82
91            android:configChanges="fontScale|keyboard|keyboardHidden|locale|mnc|mcc|navigation|orientation|screenLayout|screenSize|smallestScreenSize|uiMode|touchscreen"
91-->[:UnityAds:] AndroidManifest.xml:30:13-170
92            android:hardwareAccelerated="false"
92-->[:UnityAds:] AndroidManifest.xml:31:13-48
93            android:theme="@android:style/Theme.NoTitleBar.Fullscreen" />
93-->[:UnityAds:] AndroidManifest.xml:32:13-71
94    </application>
95
96</manifest>